###############################################################
#  Generated by:      Cadence Innovus 21.13-s100_1
#  OS:                Linux x86_64(Host ID ic51)
#  Generated on:      Tue Oct  3 14:16:57 2023
#  Design:            top
#  Command:           report_timing > timing.rpt
###############################################################
Path 1: MET Setup Check with Pin randomize/data_out_reg_31_/CK 
Endpoint:   randomize/data_out_reg_31_/D (v) checked with  leading edge of 'CLK'
Beginpoint: sequencer/round_reg_1_/Q     (^) triggered by  leading edge of 'CLK'
Path Groups: {CLK}
Analysis View: generic_view
Other End Arrival Time          0.000
- Setup                         0.174
+ Phase Shift                   6.000
= Required Time                 5.826
- Arrival Time                  5.823
= Slack Time                    0.003
     Clock Rise Edge                 0.000
     + Clock Network Latency (Ideal) 0.000
     = Beginpoint Arrival Time       0.000
     +------------------------------------------------------------------------------------------------+ 
     |                Instance                |     Arc      |   Cell    | Delay | Arrival | Required | 
     |                                        |              |           |       |  Time   |   Time   | 
     |----------------------------------------+--------------+-----------+-------+---------+----------| 
     | sequencer/round_reg_1_                 | CK ^         |           |       |   0.000 |    0.003 | 
     | sequencer/round_reg_1_                 | CK ^ -> Q ^  | DFF_X1    | 0.339 |   0.339 |    0.342 | 
     | randomize/U14                          | A ^ -> ZN v  | INV_X2    | 0.048 |   0.387 |    0.390 | 
     | randomize/U38                          | A1 v -> ZN ^ | NAND2_X4  | 0.052 |   0.439 |    0.442 | 
     | randomize/U35                          | A1 ^ -> ZN v | NOR2_X4   | 0.024 |   0.462 |    0.465 | 
     | randomize/U13                          | A1 v -> ZN ^ | NOR2_X2   | 0.089 |   0.551 |    0.554 | 
     | randomize/U54                          | A ^ -> ZN v  | INV_X1    | 0.033 |   0.584 |    0.587 | 
     | randomize/U40                          | B v -> ZN ^  | AOI211_X1 | 0.250 |   0.834 |    0.837 | 
     | randomize/U41                          | B ^ -> ZN v  | AOI211_X1 | 0.082 |   0.916 |    0.919 | 
     | randomize/U62                          | A1 v -> ZN ^ | NOR2_X1   | 0.114 |   1.030 |    1.032 | 
     | randomize/U63                          | B1 ^ -> ZN v | OAI21_X1  | 0.063 |   1.092 |    1.095 | 
     | randomize/U42                          | A v -> ZN ^  | OAI21_X2  | 0.107 |   1.200 |    1.203 | 
     | FE_PSBC97_randomize_n47                | A ^ -> ZN v  | INV_X4    | 0.064 |   1.264 |    1.266 | 
     | FE_PSBC96_randomize_n47                | A v -> ZN ^  | INV_X16   | 0.067 |   1.331 |    1.334 | 
     | FE_PSBC92_randomize_n47                | A ^ -> Z ^   | BUF_X32   | 0.117 |   1.448 |    1.451 | 
     | randomize/U5                           | A ^ -> ZN v  | INV_X32   | 0.049 |   1.497 |    1.500 | 
     | randomize/U401                         | B2 v -> ZN ^ | AOI22_X1  | 0.289 |   1.786 |    1.789 | 
     | randomize/U402                         | A ^ -> ZN v  | INV_X1    | 0.076 |   1.862 |    1.865 | 
     | randomize/U405                         | A2 v -> ZN ^ | AOI22_X1  | 0.150 |   2.012 |    2.015 | 
     | randomize/U406                         | A ^ -> ZN v  | OAI21_X1  | 0.098 |   2.110 |    2.113 | 
     | randomize/f_func/U19                   | A v -> Z ^   | XOR2_X2   | 0.146 |   2.256 |    2.259 | 
     | FE_PSC54_randomize_f_func_key_added_57 | A ^ -> Z ^   | BUF_X4    | 0.134 |   2.390 |    2.393 | 
     | randomize/f_func/sbox1a/U6             | A ^ -> ZN v  | INV_X2    | 0.032 |   2.422 |    2.425 | 
     | FE_PSC357_randomize_f_func_sbox1a_n69  | A v -> Z v   | BUF_X2    | 0.083 |   2.506 |    2.509 | 
     | randomize/f_func/sbox1a/U7             | A2 v -> ZN ^ | NAND2_X1  | 0.086 |   2.592 |    2.595 | 
     | randomize/f_func/sbox1a/U22            | A2 ^ -> ZN v | NOR2_X1   | 0.069 |   2.661 |    2.664 | 
     | randomize/f_func/sbox1a/U58            | A v -> ZN ^  | INV_X4    | 0.047 |   2.708 |    2.711 | 
     | randomize/f_func/sbox1a/U59            | A2 ^ -> ZN v | NOR2_X2   | 0.028 |   2.736 |    2.739 | 
     | randomize/f_func/sbox1a/U149           | A1 v -> ZN ^ | NOR2_X2   | 0.128 |   2.864 |    2.867 | 
     | randomize/f_func/sbox1a/U151           | A ^ -> ZN v  | OAI211_X2 | 0.112 |   2.976 |    2.979 | 
     | randomize/f_func/sbox1a/U153           | A3 v -> ZN ^ | NOR4_X2   | 0.308 |   3.284 |    3.287 | 
     | randomize/f_func/sbox1a/U155           | A1 ^ -> ZN v | NAND3_X1  | 0.131 |   3.414 |    3.417 | 
     | randomize/f_func/sbox1a/U156           | A v -> ZN ^  | AOI21_X2  | 0.194 |   3.608 |    3.611 | 
     | randomize/f_func/sbox1a/U162           | A1 ^ -> ZN v | NAND4_X1  | 0.167 |   3.776 |    3.779 | 
     | randomize/f_func/sbox1a/U163           | A4 v -> ZN ^ | NOR4_X4   | 0.327 |   4.102 |    4.105 | 
     | randomize/f_func/sbox1a/U165           | B2 ^ -> ZN v | AOI21_X1  | 0.087 |   4.189 |    4.192 | 
     | randomize/f_func/sbox1a/U166           | A v -> ZN ^  | AOI221_X2 | 0.296 |   4.485 |    4.488 | 
     | randomize/f_func/sbox1a/U186           | B ^ -> ZN v  | OAI211_X2 | 0.144 |   4.630 |    4.633 | 
     | randomize/f_func/p_func/U160           | A v -> Z ^   | XOR2_X1   | 0.271 |   4.900 |    4.903 | 
     | randomize/f_func/p_func/U163           | B ^ -> Z ^   | XOR2_X1   | 0.233 |   5.133 |    5.136 | 
     | randomize/f_func/p_func/U164           | B ^ -> ZN v  | XNOR2_X1  | 0.084 |   5.217 |    5.220 | 
     | FE_PSC59_randomize_f_func_out_31       | A v -> Z v   | BUF_X4    | 0.099 |   5.316 |    5.319 | 
     | randomize/U476                         | B v -> Z v   | XOR2_X1   | 0.217 |   5.533 |    5.536 | 
     | randomize/U477                         | B2 v -> ZN ^ | AOI22_X1  | 0.194 |   5.728 |    5.731 | 
     | randomize/U482                         | A1 ^ -> ZN v | NAND4_X1  | 0.095 |   5.823 |    5.826 | 
     | randomize/data_out_reg_31_             | D v          | DFF_X1    | 0.000 |   5.823 |    5.826 | 
     +------------------------------------------------------------------------------------------------+ 

